Scenario - 
Logfile written - 03/23/2016 11:12:53

Subject	Trial	Event Type	Code	Time	TTime	Uncertainty	Duration	Uncertainty	ReqTime	ReqDur	Stim Type	Pair Index

ANS-01	6	Picture	r_2.40	558988	0	1	15166	1	0	next	hit	2
ANS-01	6	Response	201	1126833	567845	1
ANS-01	8	Picture	b_2.40	1142141	0	1	15166	1	0	next	hit	4
ANS-01	8	Response	202	1308132	165991	1
ANS-01	10	Picture	r_2.40	1323471	0	1	15166	1	0	next	hit	6
ANS-01	10	Response	201	1351201	27731	1
ANS-01	12	Picture	r_2.40	1366470	0	1	15166	1	0	next	hit	8
ANS-01	12	Response	201	1508560	142090	1
ANS-01	14	Picture	b_2.40	1523800	0	1	15166	1	0	next	hit	10
ANS-01	14	Response	202	1539520	15721	1
ANS-01	16	Picture	b_2.40	1554799	0	1	15166	1	0	next	hit	12
ANS-01	16	Response	202	1592110	37311	1
ANS-01	18	Picture	r_2.40	1607298	0	1	15166	1	0	next	hit	14
ANS-01	18	Response	201	1638580	31282	1
ANS-01	20	Picture	r_2.40	1653797	0	1	15166	1	0	next	incorrect	16
ANS-01	20	Response	202	1687589	33793	1
ANS-01	22	Picture	b_2.40	1702796	0	1	15166	1	0	next	hit	18
ANS-01	22	Response	202	1736179	33383	1
ANS-01	24	Picture	b_2.40	1751461	0	1	15166	1	0	next	hit	20
ANS-01	24	Response	202	1793339	41877	1
ANS-01	28	Picture	r_2.30	1821293	0	1	13166	1	0	next	incorrect	22
ANS-01	28	Response	202	1834399	13105	1
ANS-01	30	Picture	b_2.30	1849626	0	1	15166	1	0	next	incorrect	24
ANS-01	30	Response	201	1886409	36783	1
ANS-01	32	Picture	b_2.30	1901625	0	1	15166	1	0	next	hit	26
ANS-01	32	Response	202	1928508	26883	1
ANS-01	34	Picture	b_2.30	1943791	0	1	15166	1	0	next	incorrect	28
ANS-01	34	Response	201	1972178	28388	1
ANS-01	36	Picture	b_2.30	1987456	0	1	15166	1	0	next	hit	30
ANS-01	36	Response	202	2011978	24521	1
ANS-01	38	Picture	r_2.30	2027289	0	1	15166	1	0	next	hit	32
ANS-01	38	Response	201	2043468	16179	1
ANS-01	40	Picture	r_2.30	2058788	0	1	15166	1	0	next	incorrect	34
ANS-01	40	Response	202	2080537	21749	1
ANS-01	42	Picture	r_2.30	2095787	0	1	15166	1	0	next	hit	36
ANS-01	42	Response	201	2123287	27500	1
ANS-01	44	Picture	r_2.30	2138620	0	1	15166	1	0	next	hit	38
ANS-01	44	Response	201	2169237	30617	1
ANS-01	46	Picture	b_2.30	2184452	0	1	14333	1	0	next	hit	40
ANS-01	46	Response	202	2198667	14215	1
ANS-01	50	Picture	r_2.30	2226451	0	1	15166	1	0	next	hit	42
ANS-01	50	Response	201	2257026	30575	1
ANS-01	52	Picture	b_2.30	2272283	0	1	15166	1	0	next	hit	44
ANS-01	52	Response	202	2289446	17163	1
ANS-01	54	Picture	b_2.30	2304783	0	1	15166	1	0	next	hit	46
ANS-01	54	Response	202	2337846	33063	1
ANS-01	56	Picture	b_2.30	2353115	0	1	15166	1	0	next	incorrect	48
ANS-01	56	Response	201	2368746	15631	1
ANS-01	58	Picture	b_2.30	2383948	0	1	15166	1	0	next	hit	50
ANS-01	58	Response	202	2408505	24558	1
ANS-01	60	Picture	r_2.30	2423780	0	1	15166	1	0	next	hit	52
ANS-01	60	Response	201	2445905	22125	1
ANS-01	62	Picture	r_2.30	2461113	0	1	15166	1	0	next	hit	54
ANS-01	62	Response	201	2519015	57902	1
ANS-01	64	Picture	r_2.30	2534278	0	1	15166	1	0	next	hit	56
ANS-01	64	Response	201	2598784	64507	1
ANS-01	66	Picture	r_2.30	2614109	0	1	15166	1	0	next	incorrect	58
ANS-01	66	Response	202	2636674	22565	1
ANS-01	68	Picture	b_2.30	2651942	0	1	15166	1	0	next	hit	60
ANS-01	68	Response	202	2669624	17682	1
ANS-01	72	Picture	b_2.20	2713607	0	1	15166	1	0	next	hit	62
ANS-01	72	Response	202	2741254	27647	1
ANS-01	74	Picture	r_2.20	2756439	0	1	13333	1	0	next	hit	64
ANS-01	74	Response	201	2769723	13284	1
ANS-01	76	Picture	r_2.20	2784939	0	1	15166	1	0	next	incorrect	66
ANS-01	76	Response	202	2814573	29634	1
ANS-01	78	Picture	r_2.20	2829771	0	1	15166	1	0	next	hit	68
ANS-01	78	Response	201	2856343	26572	1
ANS-01	80	Picture	b_2.20	2871603	0	1	15166	1	0	next	hit	70
ANS-01	80	Response	202	2898833	27229	1
ANS-01	82	Picture	r_2.20	2914102	0	1	15166	1	0	next	hit	72
ANS-01	82	Response	201	2935782	21680	1
ANS-01	84	Picture	b_2.20	2951102	0	1	15166	1	0	next	hit	74
ANS-01	84	Response	202	2970862	19760	1
ANS-01	86	Picture	b_2.20	2986101	0	1	12333	1	0	next	incorrect	76
ANS-01	86	Response	201	2998352	12251	1
ANS-01	88	Picture	b_2.20	3013600	0	1	15166	1	0	next	hit	78
ANS-01	88	Response	202	3031302	17701	1
ANS-01	90	Picture	r_2.20	3046600	0	1	15166	1	0	next	hit	80
ANS-01	90	Response	201	3071991	25392	1
ANS-01	94	Picture	r_2.10	3100098	0	1	5667	1	0	next	hit	82
ANS-01	94	Response	201	3105611	5513	1
ANS-01	96	Picture	b_2.10	3120931	0	1	15166	1	0	next	hit	84
ANS-01	96	Response	202	3138761	17830	1
ANS-01	98	Picture	b_2.10	3154097	0	1	15166	1	0	next	hit	86
ANS-01	98	Response	202	3192911	38814	1
ANS-01	100	Picture	b_2.10	3208096	0	1	15166	1	0	next	hit	88
ANS-01	100	Response	202	3248781	40685	1
ANS-01	102	Picture	r_2.10	3264095	0	1	14166	1	0	next	hit	90
ANS-01	102	Response	201	3278220	14126	1
ANS-01	104	Picture	r_2.10	3293427	0	1	15166	1	0	next	hit	92
ANS-01	104	Response	201	3315420	21993	1
ANS-01	106	Picture	b_2.10	3330760	0	1	15166	1	0	next	hit	94
ANS-01	106	Response	202	3365160	34400	1
ANS-01	108	Picture	r_2.10	3380426	0	1	15166	1	0	next	hit	96
ANS-01	108	Response	201	3403299	22874	1
ANS-01	110	Picture	b_2.10	3418591	0	1	15166	1	0	next	hit	98
ANS-01	110	Response	202	3438429	19838	1
ANS-01	112	Picture	r_2.10	3453757	0	1	15166	1	0	next	hit	100
ANS-01	112	Response	201	3484079	30322	1
ANS-01	116	Picture	b_2.00	3506923	0	1	15166	1	0	next	hit	102
ANS-01	116	Response	202	3533599	26676	1
ANS-01	118	Picture	r_2.00	3548922	0	1	15166	1	0	next	hit	104
ANS-01	118	Response	201	3580778	31857	1
ANS-01	120	Picture	r_2.00	3596087	0	1	15166	1	0	next	incorrect	106
ANS-01	120	Response	202	3624968	28881	1
ANS-01	122	Picture	b_2.00	3640253	0	1	15166	1	0	next	hit	108
ANS-01	122	Response	202	3671188	30935	1
ANS-01	124	Picture	r_2.00	3686419	0	1	15166	1	0	next	hit	110
ANS-01	124	Response	201	3713448	27029	1
ANS-01	126	Picture	b_2.00	3728751	0	1	15166	1	0	next	hit	112
ANS-01	126	Response	202	3746048	17296	1
ANS-01	128	Picture	r_2.00	3761250	0	1	15166	1	0	next	hit	114
ANS-01	128	Response	201	3834287	73037	1
ANS-01	130	Picture	b_2.00	3849582	0	1	15166	1	0	next	hit	116
ANS-01	130	Response	202	3865577	15995	1
ANS-01	132	Picture	r_2.00	3880915	0	1	15166	1	0	next	incorrect	118
ANS-01	132	Response	202	3919827	38912	1
ANS-01	133	Response	201	3922666	2753	1
ANS-01	134	Picture	b_2.00	3935080	0	1	15166	1	0	next	hit	121
ANS-01	134	Response	202	3982366	47286	1
ANS-01	138	Picture	b_1.90	4025911	0	1	15166	1	0	next	hit	123
ANS-01	138	Response	202	4127245	101334	1
ANS-01	140	Picture	b_1.90	4142575	0	1	15166	1	0	next	hit	125
ANS-01	140	Response	202	4169445	26870	1
ANS-01	142	Picture	r_1.90	4184741	0	1	15166	1	0	next	hit	127
ANS-01	142	Response	201	4207045	22304	1
ANS-01	144	Picture	b_1.90	4222240	0	1	13000	1	0	next	hit	129
ANS-01	144	Response	202	4235135	12894	1
ANS-01	146	Picture	r_1.90	4250406	0	1	6666	1	0	next	hit	131
ANS-01	146	Response	201	4256965	6559	1
ANS-01	148	Picture	b_1.90	4272239	0	1	13500	1	0	next	hit	133
ANS-01	148	Response	202	4285684	13445	1
ANS-01	150	Picture	r_1.90	4300905	0	1	4167	1	0	next	hit	135
ANS-01	150	Response	201	4305034	4129	1
ANS-01	152	Picture	r_1.90	4320238	0	1	8666	1	0	next	incorrect	137
ANS-01	152	Response	202	4328804	8566	1
ANS-01	154	Picture	b_1.90	4344071	0	1	15166	1	0	next	hit	139
ANS-01	154	Response	202	4370504	26433	1
ANS-01	156	Picture	r_1.90	4385737	0	1	13500	1	0	next	hit	141
ANS-01	156	Response	201	4399134	13397	1
ANS-01	160	Picture	b_1.80	4422069	0	1	13666	1	0	next	hit	143
ANS-01	160	Response	202	4435613	13544	1
ANS-01	162	Picture	r_1.80	4450902	0	1	14833	1	0	next	hit	145
ANS-01	162	Response	201	4465563	14661	1
ANS-01	164	Picture	b_1.80	4480901	0	1	8500	1	0	next	hit	147
ANS-01	164	Response	202	4489313	8412	1
ANS-01	166	Picture	b_1.80	4504567	0	1	8333	1	0	next	incorrect	149
ANS-01	166	Response	201	4512853	8286	1
ANS-01	168	Picture	b_1.80	4528067	0	1	15166	1	0	next	hit	151
ANS-01	168	Response	202	4544183	16116	1
ANS-01	170	Picture	b_1.80	4559400	0	1	8166	1	0	next	hit	153
ANS-01	170	Response	202	4567423	8023	1
ANS-01	172	Picture	r_1.80	4582732	0	1	15166	1	0	next	hit	155
ANS-01	172	Response	201	4616122	33390	1
ANS-01	174	Picture	r_1.80	4631398	0	1	15166	1	0	next	hit	157
ANS-01	174	Response	201	4662212	30814	1
ANS-01	176	Picture	r_1.80	4677397	0	1	11500	1	0	next	incorrect	159
ANS-01	176	Response	202	4688752	11356	1
ANS-01	178	Picture	r_1.80	4704063	0	1	12500	1	0	next	hit	161
ANS-01	178	Response	201	4716472	12409	1
ANS-01	182	Picture	b_1.70	4744395	0	1	15166	1	0	next	hit	163
ANS-01	182	Response	202	4843281	98886	1
ANS-01	184	Picture	r_1.70	4858560	0	1	15166	1	0	next	hit	165
ANS-01	184	Response	201	4877921	19361	1
ANS-01	186	Picture	r_1.70	4893225	0	1	13333	1	0	next	hit	167
ANS-01	186	Response	201	4906531	13305	1
ANS-01	188	Picture	b_1.70	4921725	0	1	13500	1	0	next	hit	169
ANS-01	188	Response	202	4935081	13356	1
ANS-01	190	Picture	r_1.70	4950391	0	1	15166	1	0	next	hit	171
ANS-01	190	Response	201	4966620	16230	1
ANS-01	192	Picture	b_1.70	4981890	0	1	9000	1	0	next	hit	173
ANS-01	192	Response	202	4990800	8910	1
ANS-01	194	Picture	b_1.70	5006056	0	1	9000	1	0	next	incorrect	175
ANS-01	194	Response	201	5015020	8964	1
ANS-01	196	Picture	r_1.70	5030222	0	1	12333	1	0	next	incorrect	177
ANS-01	196	Response	202	5042490	12267	1
ANS-01	198	Picture	r_1.70	5057722	0	1	9500	1	0	next	incorrect	179
ANS-01	198	Response	202	5067180	9458	1
ANS-01	200	Picture	b_1.70	5082388	0	1	15166	1	0	next	hit	181
ANS-01	200	Response	202	5109100	26712	1
ANS-01	204	Picture	b_1.60	5132054	0	1	15166	1	0	next	hit	183
ANS-01	204	Response	202	5159589	27536	1
ANS-01	206	Picture	r_1.60	5174886	0	1	15166	1	0	next	hit	185
ANS-01	206	Response	201	5190430	15544	1
ANS-01	208	Picture	b_1.60	5205719	0	1	15166	1	0	next	incorrect	187
ANS-01	208	Response	201	5227979	22260	1
ANS-01	210	Picture	r_1.60	5243218	0	1	15166	1	0	next	hit	189
ANS-01	210	Response	201	5263659	20441	1
ANS-01	212	Picture	b_1.60	5278884	0	1	15166	1	0	next	incorrect	191
ANS-01	212	Response	201	5307258	28375	1
ANS-01	214	Picture	r_1.60	5322549	0	1	11000	1	0	next	hit	193
ANS-01	214	Response	201	5333419	10869	1
ANS-01	216	Picture	r_1.60	5348715	0	1	11833	1	0	next	hit	195
ANS-01	216	Response	201	5360418	11703	1
ANS-01	218	Picture	b_1.60	5375715	0	1	15166	1	0	next	hit	197
ANS-01	218	Response	202	5396698	20983	1
ANS-01	220	Picture	b_1.60	5411881	0	1	15166	1	0	next	hit	199
ANS-01	220	Response	202	5443688	31807	1
ANS-01	222	Picture	r_1.60	5458880	0	1	15166	1	0	next	incorrect	201
ANS-01	222	Response	202	5485157	26278	1
ANS-01	225	Response	202	5506797	8752	1
ANS-01	226	Picture	r_1.50	5513212	0	1	8000	1	0	next	incorrect	204
ANS-01	226	Response	202	5521097	7885	1
ANS-01	228	Picture	b_1.50	5536378	0	1	15166	1	0	next	hit	206
ANS-01	228	Response	202	5555397	19019	1
ANS-01	230	Picture	r_1.50	5570711	0	1	15166	1	0	next	hit	208
ANS-01	230	Response	201	5596107	25396	1
ANS-01	232	Picture	b_1.50	5611376	0	1	15166	1	0	next	hit	210
ANS-01	232	Response	202	5628026	16650	1
ANS-01	234	Picture	b_1.50	5643209	0	1	15166	1	0	next	incorrect	212
ANS-01	234	Response	201	5796586	153377	1
ANS-01	236	Picture	r_1.50	5811872	0	1	10500	1	0	next	incorrect	214
ANS-01	236	Response	202	5822326	10454	1
ANS-01	238	Picture	r_1.50	5837538	0	1	15166	1	0	next	incorrect	216
ANS-01	238	Response	202	5864895	27357	1
ANS-01	240	Picture	r_1.50	5880204	0	1	15166	1	0	next	hit	218
ANS-01	240	Response	201	5901406	21202	1
ANS-01	242	Picture	b_1.50	5916703	0	1	13333	1	0	next	hit	220
ANS-01	242	Response	202	5929885	13182	1
ANS-01	244	Picture	b_1.50	5945202	0	1	15000	1	0	next	hit	222
ANS-01	244	Response	202	5960105	14903	1
ANS-01	248	Picture	r_1.50	5984701	0	1	15166	1	0	next	hit	224
ANS-01	248	Response	201	6011744	27043	1
ANS-01	250	Picture	b_1.50	6027034	0	1	15166	1	0	next	hit	226
ANS-01	250	Response	202	6050774	23740	1
ANS-01	252	Picture	r_1.50	6066033	0	1	15166	1	0	next	hit	228
ANS-01	252	Response	201	6082074	16041	1
ANS-01	254	Picture	b_1.50	6097366	0	1	10666	1	0	next	hit	230
ANS-01	254	Response	202	6108004	10638	1
ANS-01	256	Picture	b_1.50	6123198	0	1	15000	1	0	next	incorrect	232
ANS-01	256	Response	201	6138064	14865	1
ANS-01	258	Picture	r_1.50	6153364	0	1	13000	1	0	next	hit	234
ANS-01	258	Response	201	6166313	12949	1
ANS-01	260	Picture	r_1.50	6181530	0	1	13166	1	0	next	hit	236
ANS-01	260	Response	201	6194643	13113	1
ANS-01	262	Picture	r_1.50	6209863	0	1	15166	1	0	next	hit	238
ANS-01	262	Response	201	6224983	15120	1
ANS-01	264	Picture	b_1.50	6240362	0	1	15166	1	0	next	incorrect	240
ANS-01	264	Response	201	6257403	17041	1
ANS-01	266	Picture	b_1.50	6272695	0	1	15166	1	0	next	incorrect	242
ANS-01	266	Response	201	6288483	15788	1
ANS-01	270	Picture	r_1.40	6316694	0	1	15166	1	0	next	hit	244
ANS-01	270	Response	201	6515622	198927	1
ANS-01	272	Picture	r_1.40	6530856	0	1	15166	1	0	next	hit	246
ANS-01	272	Response	201	6547051	16195	1
ANS-01	274	Picture	b_1.40	6562355	0	1	15166	1	0	next	incorrect	248
ANS-01	274	Response	201	6577661	15306	1
ANS-01	276	Picture	r_1.40	6592855	0	1	15166	1	0	next	hit	250
ANS-01	276	Response	201	6618311	25456	1
ANS-01	278	Picture	b_1.40	6633520	0	1	15166	1	0	next	incorrect	252
ANS-01	278	Response	201	6654511	20990	1
ANS-01	280	Picture	r_1.40	6669853	0	1	15166	1	0	next	hit	254
ANS-01	280	Response	201	6688930	19078	1
ANS-01	282	Picture	b_1.40	6704185	0	1	15166	1	0	next	incorrect	256
ANS-01	282	Response	201	6719730	15545	1
ANS-01	284	Picture	b_1.40	6735018	0	1	15166	1	0	next	incorrect	258
ANS-01	284	Response	201	6759520	24502	1
ANS-01	285	Response	202	6766150	6466	1
ANS-01	286	Picture	b_1.40	6774851	0	1	15166	1	0	next	hit	261
ANS-01	286	Response	202	6796480	21629	1
ANS-01	288	Picture	r_1.40	6811683	0	1	15166	1	0	next	hit	263
ANS-01	288	Response	201	6836920	25237	1
ANS-01	292	Picture	r_1.40	6859849	0	1	15166	1	0	next	incorrect	265
ANS-01	292	Response	202	6936059	76210	1
ANS-01	294	Picture	r_1.40	6951347	0	1	15166	1	0	next	hit	267
ANS-01	294	Response	201	6970169	18822	1
ANS-01	296	Picture	b_1.40	6985513	0	1	9500	1	0	next	hit	269
ANS-01	296	Response	202	6994849	9336	1
ANS-01	298	Picture	r_1.40	7010179	0	1	5500	1	0	next	hit	271
ANS-01	298	Response	201	7015538	5360	1
ANS-01	300	Picture	b_1.40	7030845	0	1	7500	1	0	next	hit	273
ANS-01	300	Response	202	7038238	7393	1
ANS-01	302	Picture	r_1.40	7053511	0	1	6000	1	0	next	hit	275
ANS-01	302	Response	201	7059498	5987	1
ANS-01	304	Picture	b_1.40	7074677	0	1	7833	1	0	next	hit	277
ANS-01	304	Response	202	7082468	7791	1
ANS-01	306	Picture	b_1.40	7097677	0	1	14500	1	0	next	incorrect	279
ANS-01	306	Response	201	7112058	14381	1
ANS-01	308	Picture	b_1.40	7127343	0	1	5667	1	0	next	hit	281
ANS-01	308	Response	202	7132838	5495	1
ANS-01	310	Picture	r_1.40	7148176	0	1	12833	1	0	next	incorrect	283
ANS-01	310	Response	202	7160868	12692	1
ANS-01	312	Response	201	7161198	189	1
ANS-01	314	Picture	r_1.30	7204674	0	1	8166	1	0	next	hit	286
ANS-01	314	Response	201	7212697	8023	1
ANS-01	315	Response	202	7212847	6	1
ANS-01	316	Picture	r_1.30	7228007	0	1	15166	1	0	next	incorrect	289
ANS-01	316	Response	202	7257697	29690	1
ANS-01	318	Picture	r_1.30	7273006	0	1	7166	1	0	next	hit	291
ANS-01	318	Response	201	7280047	7041	1
ANS-01	320	Picture	b_1.30	7295339	0	1	15166	1	0	next	hit	293
ANS-01	320	Response	202	7311987	16648	1
ANS-01	322	Picture	b_1.30	7327172	0	1	15166	1	0	next	hit	295
ANS-01	322	Response	202	7361427	34255	1
ANS-01	324	Picture	r_1.30	7376671	0	1	15166	1	0	next	hit	297
ANS-01	324	Response	201	7391836	15166	1
ANS-01	326	Picture	b_1.30	7407170	0	1	15166	1	0	next	incorrect	299
ANS-01	326	Response	201	7447686	40516	1
ANS-01	327	Response	202	7448096	260	1
ANS-01	328	Picture	b_1.30	7463002	0	1	15166	1	0	next	hit	302
ANS-01	328	Response	202	7492606	29604	1
ANS-01	330	Picture	r_1.30	7507834	0	1	15166	1	0	next	hit	304
ANS-01	330	Response	201	7523616	15781	1
ANS-01	332	Picture	b_1.30	7538834	0	1	15166	1	0	next	hit	306
ANS-01	332	Response	202	7558475	19642	1
ANS-01	336	Picture	b_1.20	7586333	0	1	15166	1	0	next	miss	0
ANS-01	336	Quit		8181310	594978	NA
